0 info it worked if it ends with ok
1 verbose cli [ '/usr/local/bin/node',
1 verbose cli   '/Users/kumaanan/node_modules/.bin/npm',
1 verbose cli   'run',
1 verbose cli   'test',
1 verbose cli   '--' ]
2 info using npm@3.10.10
3 info using node@v11.9.0
4 verbose run-script [ 'pretest', 'test', 'posttest' ]
5 info lifecycle hello-world@1.0.0~pretest: hello-world@1.0.0
6 silly lifecycle hello-world@1.0.0~pretest: no script for pretest, continuing
7 info lifecycle hello-world@1.0.0~test: hello-world@1.0.0
8 verbose lifecycle hello-world@1.0.0~test: unsafe-perm in lifecycle true
9 verbose lifecycle hello-world@1.0.0~test: PATH: /Users/kumaanan/node_modules/npm/bin/node-gyp-bin:/Users/kumaanan/Alexa-ForumTest/alexa-boilerplate/node_modules/.bin:/Users/kumaanan/Alexa-ForumTest/alexa-boilerplate/node_modules/.bin:/Users/kumaanan/Alexa-ForumTest/node_modules/.bin:/Users/kumaanan/node_modules/.bin:/Users/node_modules/.bin:/node_modules/.bin:/usr/local/bin:/usr/local/git/libexec/git-core:/Users/kumaanan/.toolbox/bin:/usr/local/bin:/usr/bin:/bin:/usr/sbin:/sbin:/Library/Java/JavaVirtualMachines/jdk-10.0.1.jdk/Contents/Home/bin:/Users/kumaanan/Documents/Maven/apache-maven-3.5.3/bin:GOOGLE_API_KEY:GOOGLE_APPLICATION_CREDENTIALS
10 verbose lifecycle hello-world@1.0.0~test: CWD: /Users/kumaanan/Alexa-ForumTest/alexa-boilerplate
11 silly lifecycle hello-world@1.0.0~test: Args: [ '-c', 'bst test' ]
12 silly lifecycle hello-world@1.0.0~test: Returned: code: 1  signal: null
13 info lifecycle hello-world@1.0.0~test: Failed to exec test script
14 verbose stack Error: hello-world@1.0.0 test: `bst test`
14 verbose stack Exit status 1
14 verbose stack     at EventEmitter.<anonymous> (/Users/kumaanan/node_modules/npm/lib/utils/lifecycle.js:255:16)
14 verbose stack     at EventEmitter.emit (events.js:197:13)
14 verbose stack     at ChildProcess.<anonymous> (/Users/kumaanan/node_modules/npm/lib/utils/spawn.js:40:14)
14 verbose stack     at ChildProcess.emit (events.js:197:13)
14 verbose stack     at maybeClose (internal/child_process.js:978:16)
14 verbose stack     at Process.ChildProcess._handle.onexit (internal/child_process.js:265:5)
15 verbose pkgid hello-world@1.0.0
16 verbose cwd /Users/kumaanan/Alexa-ForumTest/alexa-boilerplate
17 error Darwin 18.7.0
18 error argv "/usr/local/bin/node" "/Users/kumaanan/node_modules/.bin/npm" "run" "test" "--"
19 error node v11.9.0
20 error npm  v3.10.10
21 error code ELIFECYCLE
22 error hello-world@1.0.0 test: `bst test`
22 error Exit status 1
23 error Failed at the hello-world@1.0.0 test script 'bst test'.
23 error Make sure you have the latest version of node.js and npm installed.
23 error If you do, this is most likely a problem with the hello-world package,
23 error not with npm itself.
23 error Tell the author that this fails on your system:
23 error     bst test
23 error You can get information on how to open an issue for this project with:
23 error     npm bugs hello-world
23 error Or if that isn't available, you can get their info via:
23 error     npm owner ls hello-world
23 error There is likely additional logging output above.
24 verbose exit [ 1, true ]
